C51 COMPILER V9.60.7.0   COMMON                                                            02/26/2025 16:50:34 PAGE 1   


C51 COMPILER V9.60.7.0, COMPILATION OF MODULE COMMON
OBJECT MODULE PLACED IN ..\Output\hex\common.obj
COMPILER INVOKED BY: D:\APP\Keil_v5\C51\BIN\C51.EXE ..\Emembed\Src\common.c LARGE OPTIMIZE(8,SPEED) BROWSE INCDIR(..\BSP
                    -\Inc;..\Core\Inc;..\Drivers;..\Emembed\Inc;..\Middlewares;..\SYSTEM\Inc) DEBUG OBJECTEXTEND PRINT(.\Listings\common.lst)
                    - OBJECT(..\Output\hex\common.obj)

line level    source

   1          #include "common.h"
   2          
   3          void temp_level_scan( void )
   4          {
   5   1          if( level.level_scan_flag == 1 )
   6   1          {
   7   2              temp.temp_value1 =  get_temp(NTC_1);
   8   2              if( temp.temp_value1 >= temp.temp_alarm_value1 ) 
   9   2              {
  10   3                  ac_220.channel1_flag = 0;        //001
  11   3              }else
  12   2              {
  13   3                  ac_220.channel1_flag = 1;
  14   3              }
  15   2              temp.temp_value2 =  get_temp(NTC_2);
  16   2              if( temp.temp_value2 >= temp.temp_alarm_value2 ) 
  17   2              {
  18   3                  ac_220.channel2_flag = 0;        //001
  19   3              }else
  20   2              {
  21   3                  ac_220.channel2_flag = 1;
  22   3              }
  23   2              temp.temp_value3 =  get_temp(NTC_3);
  24   2              if( temp.temp_value3 >= temp.temp_alarm_value3 ) 
  25   2              {
  26   3                  ac_220.channel3_flag = 0;        //001
  27   3              }else
  28   2              {
  29   3                  ac_220.channel3_flag = 1;
  30   3              }
  31   2              level.level1234    = L1_L | L1_H | L2_L  | L2_H  | L3_L  | L3_H  | L4_L  | L4_H;
  32   2              level.level5678    = L5_L | L5_H | L6_L  | L6_H  | L7_L  | L7_H  | L8_L  | L8_H;
  33   2              level.level9101112 = L9_L | L9_H | L10_L | L10_H | L11_L | L11_H | L12_L | L12_H;
  34   2              wk06_statu_send();
  35   2              level.level_scan_flag = 0;
  36   2          } 
  37   1      }
  38          void Tim3_ISR( void ) interrupt 19   //1ms
  39          {
  40   1          static uint8_t level_sacn_cnt = 0;
  41   1      
  42   1          if( level.level_scan_flag == 0 )
  43   1          {
  44   2              level_sacn_cnt++;
  45   2              if( level_sacn_cnt == 100 )
  46   2              {
  47   3                  level.level_scan_flag = 1; 
  48   3              }
  49   2          }
  50   1      }


MODULE INFORMATION:   STATIC OVERLAYABLE
C51 COMPILER V9.60.7.0   COMMON                                                            02/26/2025 16:50:34 PAGE 2   

   CODE SIZE        =    220    ----
   CONSTANT SIZE    =   ----    ----
   XDATA SIZE       =      1    ----
   PDATA SIZE       =   ----    ----
   DATA SIZE        =   ----    ----
   IDATA SIZE       =   ----    ----
   BIT SIZE         =   ----    ----
END OF MODULE INFORMATION.


C51 COMPILATION COMPLETE.  0 WARNING(S),  0 ERROR(S)
