C51 COMPILER V9.60.7.0   GPIO                                                              02/25/2025 10:35:43 PAGE 1   


C51 COMPILER V9.60.7.0, COMPILATION OF MODULE GPIO
OBJECT MODULE PLACED IN ..\Output\hex\gpio.obj
COMPILER INVOKED BY: D:\APP\Keil_v5\C51\BIN\C51.EXE ..\Core\Src\gpio.c LARGE OPTIMIZE(8,SPEED) BROWSE INCDIR(..\BSP\Inc;
                    -..\Core\Inc;..\Drivers;..\Emembed\Inc;..\Middlewares;..\SYSTEM\Inc) DEBUG OBJECTEXTEND PRINT(.\Listings\gpio.lst) OBJECT
                    -(..\Output\hex\gpio.obj)

line level    source

   1          /*
   2          P0.0:RX3    P1.0                P2.0            P3.0:RX1    P4.0                P5.0            P6.0            P7.0
   3          P0.1:TX3    P1.1                P2.1            P3.1:TX1    P4.1:220v_1 P5.1            P6.1            P7.1
   4          P0.2:RX4    P1.2                P2.2:PWM7   P3.2:INT0   P4.2:220v_2 P5.2                P6.2            P7.2
   5          P0.3:TX4    P1.3                P2.3:PWM8   P3.3                P4.3:220v_3 P5.3        P6.3            P7.3
   6          P0.4：T1    P1.4               P2.4            P3.4            P4.4:220v_4 P5.4                P6.4            P7.4
   7          P0.5：T2    P1.5               P2.5            P3.5            P4.5            P5.5            P6.5            P7.5
   8          P0.6：T3    P1.6               P2.6:24V_1  P3.6                P4.6            P5.6            P6.6            P7.6
   9          P0.7：T4    P1.7               P2.7:24V_2      P3.7            P4.7            P5.7            P6.7            P7.7:DR4
  10                                                                                                  */
  11          
  12          #include "gpio.h"
  13          
  14          void GPIO_Init( void )
  15          {
  16   1          P0M0 = 0x0a;    P0M1 = 0x70;        // P0.1 0.3为推挽 P0.4为高阻输入
  17   1          P1M0 = 0x00;    P1M1 = 0X00;        //P1.0 P1.1 P1.4为高阻输入
  18   1          P2M0 = 0xce;    P2M1 = 0x00;        //P2.1 2.2 2.3  2.6 2.7为推挽      
  19   1          P3M0 = 0x20;    P3M1 = 0X00;       
  20   1          P4M0 = 0x1e;    P4M1 = 0x00;        //P4.1 4.2 4.3 4.4为推挽      
  21   1          P5M0 = 0x01;    P5M1 = 0X00;        //P5.4为推挽
  22   1          P6M0 = 0x10;    P6M1 = 0X00;        //P5.4为推挽
  23   1          P7M0 = 0x60;    P7M1 = 0X00;        //P7.5为推挽
  24   1      
  25   1      }
  26            


MODULE INFORMATION:   STATIC OVERLAYABLE
   CODE SIZE        =     42    ----
   CONSTANT SIZE    =   ----    ----
   XDATA SIZE       =   ----    ----
   PDATA SIZE       =   ----    ----
   DATA SIZE        =   ----    ----
   IDATA SIZE       =   ----    ----
   BIT SIZE         =   ----    ----
END OF MODULE INFORMATION.


C51 COMPILATION COMPLETE.  0 WARNING(S),  0 ERROR(S)
