C51 COMPILER V9.60.7.0   SERIAL_PORT                                                       02/25/2025 21:23:37 PAGE 1   


C51 COMPILER V9.60.7.0, COMPILATION OF MODULE SERIAL_PORT
OBJECT MODULE PLACED IN ..\Output\hex\serial_port.obj
COMPILER INVOKED BY: D:\APP\Keil_STM32\C51\BIN\C51.EXE ..\BSP\Src\serial_port.c LARGE OPTIMIZE(8,SPEED) BROWSE INCDIR(..
                    -\BSP\Inc;..\Core\Inc;..\Drivers;..\Emembed\Inc;..\Middlewares;..\SYSTEM\Inc) DEBUG OBJECTEXTEND PRINT(.\Listings\serial_
                    -port.lst) OBJECT(..\Output\hex\serial_port.obj)

line level    source

   1          #include "serial_port.h"
   2          
   3          RS485 rs485;
   4          
   5          volatile uint8_t TX1_busy_Flag = 0;
   6          
   7          /**
   8           * @brief       串口4调用结构体 rs485 初始化
   9           *
  10           * @param   
  11           *
  12           * @return  void
  13          **/
  14          void Uart4_Send_Statu_Init( void )
  15          {
  16   1          rs485.TX4_busy_Flag = 0;
  17   1          rs485.RX4_rcv_end_Flag = 0;
  18   1          rs485.TX4_buf[128] = 0;
  19   1          rs485.RX4_buf[128] = 0;
  20   1          rs485.TX4_send_bytelength = 0;
  21   1          rs485.TX4_send_cnt = 0;
  22   1          rs485.RX4_rcv_timeout = 0;
  23   1          rs485.RX4_rcv_cnt = 0;
  24   1      }
  25          
  26          /**
  27           * @brief       串口4中断处理函数
  28           *
  29           * @param   
  30           *
  31           * @return  void
  32          **/
  33          void Uart4_ISR() interrupt 20
  34          {   
  35   1          /* 1, 检测到硬件将S4TI置1，即发送完毕                       */
  36   1          if( S4CON & S4TI )          //
  37   1          {
  38   2              /* 2, 软件将S4TI清零，等待发送标志位重置，可继续发送    */
  39   2              S4CON &= ~S4TI;         
  40   2              rs485.TX4_busy_Flag = 0;
  41   2              
  42   2              /* 3, 依次将TX4_buf中数据送出（写S4BUF操作即为发送）    */
  43   2              if( rs485.TX4_send_bytelength != 0 )
  44   2              {
  45   3                  S4BUF = rs485.TX4_buf[rs485.TX4_send_cnt++];
  46   3                  rs485.TX4_send_bytelength--;
  47   3              }else
  48   2              {
  49   3                  rs485.TX4_send_cnt = 0;
  50   3              }
  51   2          }
  52   1          
  53   1          /* 1, 检测到硬件将S3RI置1，即接收完毕                       */
C51 COMPILER V9.60.7.0   SERIAL_PORT                                                       02/25/2025 21:23:37 PAGE 2   

  54   1          if( S4CON & S4RI )
  55   1          {
  56   2              /* 2, 软件将S3RI清零，等待接收标志位重置，可继续发送    */
  57   2              S4CON &= ~S4RI;
  58   2      
  59   2              /* 3, 判断数据包是否接收完毕                           */
  60   2              if( !rs485.RX4_rcv_end_Flag )
  61   2              {
  62   3                  /* 4, 数据包大于RX_buf 则从头计数                  */
  63   3                  if( rs485.RX4_rcv_cnt > 128 )
  64   3                  {
  65   4                      rs485.RX4_rcv_cnt = 0;
  66   4                  }
  67   3      
  68   3                  /* 5, 依次将RX4_buf中数据接收（读S2BUF操作即为接收）*/
  69   3                  rs485.RX4_buf[rs485.RX4_rcv_cnt] = S4BUF;
  70   3                  rs485.RX4_rcv_cnt++;
  71   3              }
  72   2              /* 6, 重置接收完毕判断时间                              */
  73   2              rs485.RX4_rcv_timeout = 50;
  74   2          }
  75   1      }
  76          
  77          /**
  78           * @brief       是否接收完毕判断函数
  79           *
  80           * @param   
  81           *
  82           * @return  void
  83          **/
  84          void Tim0_ISR( void ) interrupt 1   //1ms
  85          {
  86   1          /* 1, 如果接收未超时                                             */
  87   1          if ( rs485.RX4_rcv_timeout != 0 )  
  88   1          {
  89   2              rs485.RX4_rcv_timeout--;
  90   2              /* 2, 如果接收超时                                          */
  91   2              if( rs485.RX4_rcv_timeout == 0 )  
  92   2              {
  93   3                  if( rs485.RX4_rcv_cnt > 0 )  
  94   3                  {   
  95   4                       /* 3, 接收完毕标志位亮起并初始化接收缓冲区         */
  96   4                      rs485.RX4_rcv_end_Flag = 1;    
  97   4                  }
  98   3              }
  99   2          } 
 100   1      }
 101          
 102          /**
 103           * @brief       串口1中断处理函数
 104           *
 105           * @param   
 106           *
 107           * @return  void
 108          **/
 109          void Uart1_ISR() interrupt 4
 110          {
 111   1          if (SCON & TI)                //在停止位开始发送时，该位置1
 112   1          {
 113   2              SCON &= ~TI;                         //清除S4CON寄存器对应S4TI位（该位必须软件清零）
 114   2              TX1_busy_Flag = 0;
 115   2          }
C51 COMPILER V9.60.7.0   SERIAL_PORT                                                       02/25/2025 21:23:37 PAGE 3   

 116   1      
 117   1          if (SCON & RI)                //串行接收到停止位的中间时刻时，该位置1
 118   1          {
 119   2              SCON &= ~RI;              //清除S4CON寄存器对应S4RI位（该位必须软件清零） 
 120   2          }
 121   1      }
 122          
 123          /**
 124           * @brief       串口重定向
 125           *
 126           * @param   c:字符串
 127           *
 128           * @return  c
 129          **/
 130          char putchar(char c)  // 串口重定向需要添加头文件stdio.h
 131          {
 132   1          SBUF = c;
 133   1          while(TX1_busy_Flag);
 134   1          TX1_busy_Flag = 1;
 135   1          return c;
 136   1      }
 137          


MODULE INFORMATION:   STATIC OVERLAYABLE
   CODE SIZE        =    281    ----
   CONSTANT SIZE    =   ----    ----
   XDATA SIZE       =    264    ----
   PDATA SIZE       =   ----    ----
   DATA SIZE        =   ----    ----
   IDATA SIZE       =   ----    ----
   BIT SIZE         =   ----    ----
END OF MODULE INFORMATION.


C51 COMPILATION COMPLETE.  0 WARNING(S),  0 ERROR(S)
