C51 COMPILER V9.60.7.0   UART                                                              02/27/2025 14:45:16 PAGE 1   


C51 COMPILER V9.60.7.0, COMPILATION OF MODULE UART
OBJECT MODULE PLACED IN ..\Output\hex\uart.obj
COMPILER INVOKED BY: D:\APP\Keil_v5\C51\BIN\C51.EXE ..\Core\Src\uart.c LARGE OPTIMIZE(8,SPEED) BROWSE INCDIR(..\BSP\Inc;
                    -..\Core\Inc;..\Drivers;..\Emembed\Inc;..\Middlewares;..\SYSTEM\Inc) DEBUG OBJECTEXTEND PRINT(.\Listings\uart.lst) OBJECT
                    -(..\Output\hex\uart.obj)

line level    source

   1          #include "uart.h"
   2          
   3          void Uart1_Init(void)   //115200bps@11.0592MHz
   4          {
   5   1              P_SW1 &= 0X3F;          //选择P3.0 P3.1为UART引脚
   6   1      
   7   1              SCON   = 0x50;          //8位数据,可变波特率
   8   1      
   9   1              AUXR  |= 0x01;          //串口1选择定时器2为波特率发生器
  10   1      
  11   1              AUXR  |= 0x04;          //定时器时钟1T模式
  12   1      
  13   1              T2L    = 0xE8;          //设置定时初始值
  14   1              T2H    = 0xFF;          //设置定时初始值
  15   1      
  16   1              AUXR  |= 0x10;          //定时器2开始计时
  17   1      
  18   1              ES     = 1;                     //打开串口1中断
  19   1      }
  20          
  21          void Uart4_Init( void ) //115200bps@11.0592MHz
  22          {
  23   1              P_SW2 |= 0X00;                  //串口4功能脚选择P0.2 P0.3
  24   1      
  25   1              S4CON  = 0x10;                  //8位数据,可变波特率
  26   1      
  27   1              S4CON |= 0x40;                  //串口4选择定时器4为波特率发生器
  28   1      
  29   1              T4T3M |= 0x20;                  //定时器时钟1T模式
  30   1      
  31   1              T4L    = 0xE8;                  //设置定时初始值
  32   1              T4H    = 0xFF;                  //设置定时初始值
  33   1      
  34   1              T4T3M |= 0x80;                  //定时器4开始计时
  35   1      
  36   1              IE2   |= 0x10;          // 串口4中断打开
  37   1      }


MODULE INFORMATION:   STATIC OVERLAYABLE
   CODE SIZE        =     46    ----
   CONSTANT SIZE    =   ----    ----
   XDATA SIZE       =   ----    ----
   PDATA SIZE       =   ----    ----
   DATA SIZE        =   ----    ----
   IDATA SIZE       =   ----    ----
   BIT SIZE         =   ----    ----
END OF MODULE INFORMATION.


C51 COMPILATION COMPLETE.  0 WARNING(S),  0 ERROR(S)
